c:\users\srich\source\repos\opengl\opengl\x64\debug\vc143.pdb
c:\users\srich\source\repos\opengl\opengl\x64\debug\vc143.idb
c:\users\srich\source\repos\opengl\opengl\x64\debug\test2_uav_utilities.obj
c:\users\srich\source\repos\opengl\opengl\x64\debug\test2_uav_unittests.obj
c:\users\srich\source\repos\opengl\opengl\x64\debug\test2_uav.obj
c:\users\srich\source\repos\opengl\opengl\x64\debug\shader_class.obj
c:\users\srich\source\repos\opengl\opengl\x64\debug\application2.obj
c:\users\srich\source\repos\opengl\opengl\x64\debug\application.obj
c:\users\srich\source\repos\opengl\opengl\x64\debug\texture.obj
c:\users\srich\source\repos\opengl\opengl\x64\debug\shaders.obj
c:\users\srich\source\repos\opengl\opengl\x64\debug\utilities.obj
c:\users\srich\source\repos\opengl\opengl\x64\debug\fbo.obj
c:\users\srich\source\repos\opengl\x64\debug\opengl.exe
c:\users\srich\source\repos\opengl\opengl\x64\debug\opengl.ilk
c:\users\srich\source\repos\opengl\x64\debug\opengl.pdb
c:\users\srich\source\repos\opengl\opengl\x64\debug\opengl.tlog\cl.command.1.tlog
c:\users\srich\source\repos\opengl\opengl\x64\debug\opengl.tlog\cl.read.1.tlog
c:\users\srich\source\repos\opengl\opengl\x64\debug\opengl.tlog\cl.write.1.tlog
c:\users\srich\source\repos\opengl\opengl\x64\debug\opengl.tlog\link-cvtres.read.1.tlog
c:\users\srich\source\repos\opengl\opengl\x64\debug\opengl.tlog\link-cvtres.write.1.tlog
c:\users\srich\source\repos\opengl\opengl\x64\debug\opengl.tlog\link-rc.read.1.tlog
c:\users\srich\source\repos\opengl\opengl\x64\debug\opengl.tlog\link-rc.write.1.tlog
c:\users\srich\source\repos\opengl\opengl\x64\debug\opengl.tlog\link.29956-cvtres.read.1.tlog
c:\users\srich\source\repos\opengl\opengl\x64\debug\opengl.tlog\link.29956-cvtres.write.1.tlog
c:\users\srich\source\repos\opengl\opengl\x64\debug\opengl.tlog\link.29956-rc.read.1.tlog
c:\users\srich\source\repos\opengl\opengl\x64\debug\opengl.tlog\link.29956-rc.write.1.tlog
c:\users\srich\source\repos\opengl\opengl\x64\debug\opengl.tlog\link.29956.read.1.tlog
c:\users\srich\source\repos\opengl\opengl\x64\debug\opengl.tlog\link.29956.read.2.tlog
c:\users\srich\source\repos\opengl\opengl\x64\debug\opengl.tlog\link.29956.write.1.tlog
c:\users\srich\source\repos\opengl\opengl\x64\debug\opengl.tlog\link.command.1.tlog
c:\users\srich\source\repos\opengl\opengl\x64\debug\opengl.tlog\link.read.1.tlog
c:\users\srich\source\repos\opengl\opengl\x64\debug\opengl.tlog\link.read.2.tlog
c:\users\srich\source\repos\opengl\opengl\x64\debug\opengl.tlog\link.write.1.tlog
